{"C:\\Users\\jperi\\Developer\\Ramenpay\\ramenpay-api\\controllers\\index.js": {"path":"C:\\Users\\jperi\\Developer\\Ramenpay\\ramenpay-api\\controllers\\index.js","statementMap":{"0":{"start":{"line":1,"column":15},"end":{"line":1,"column":44}},"1":{"start":{"line":3,"column":19},"end":{"line":12,"column":1}},"2":{"start":{"line":4,"column":4},"end":{"line":11,"column":5}},"3":{"start":{"line":5,"column":21},"end":{"line":5,"column":55}},"4":{"start":{"line":6,"column":8},"end":{"line":8,"column":11}},"5":{"start":{"line":10,"column":8},"end":{"line":10,"column":60}},"6":{"start":{"line":14,"column":20},"end":{"line":34,"column":1}},"7":{"start":{"line":15,"column":4},"end":{"line":33,"column":5}},"8":{"start":{"line":16,"column":22},"end":{"line":27,"column":10}},"9":{"start":{"line":29,"column":8},"end":{"line":29,"column":47}},"10":{"start":{"line":32,"column":8},"end":{"line":32,"column":60}},"11":{"start":{"line":36,"column":20},"end":{"line":68,"column":1}},"12":{"start":{"line":37,"column":4},"end":{"line":67,"column":5}},"13":{"start":{"line":38,"column":27},"end":{"line":38,"column":37}},"14":{"start":{"line":39,"column":21},"end":{"line":57,"column":10}},"15":{"start":{"line":59,"column":8},"end":{"line":61,"column":9}},"16":{"start":{"line":60,"column":12},"end":{"line":60,"column":67}},"17":{"start":{"line":63,"column":8},"end":{"line":63,"column":46}},"18":{"start":{"line":66,"column":8},"end":{"line":66,"column":60}},"19":{"start":{"line":70,"column":19},"end":{"line":86,"column":1}},"20":{"start":{"line":71,"column":4},"end":{"line":85,"column":5}},"21":{"start":{"line":72,"column":27},"end":{"line":72,"column":37}},"22":{"start":{"line":73,"column":28},"end":{"line":75,"column":10}},"23":{"start":{"line":77,"column":8},"end":{"line":79,"column":9}},"24":{"start":{"line":78,"column":12},"end":{"line":78,"column":51}},"25":{"start":{"line":81,"column":28},"end":{"line":81,"column":79}},"26":{"start":{"line":82,"column":8},"end":{"line":82,"column":59}},"27":{"start":{"line":84,"column":8},"end":{"line":84,"column":60}},"28":{"start":{"line":88,"column":19},"end":{"line":104,"column":1}},"29":{"start":{"line":89,"column":4},"end":{"line":103,"column":5}},"30":{"start":{"line":90,"column":27},"end":{"line":90,"column":37}},"31":{"start":{"line":91,"column":24},"end":{"line":93,"column":10}},"32":{"start":{"line":95,"column":8},"end":{"line":97,"column":9}},"33":{"start":{"line":96,"column":12},"end":{"line":96,"column":46}},"34":{"start":{"line":99,"column":8},"end":{"line":99,"column":40}},"35":{"start":{"line":101,"column":21},"end":{"line":101,"column":65}},"36":{"start":{"line":102,"column":8},"end":{"line":102,"column":61}},"37":{"start":{"line":106,"column":0},"end":{"line":112,"column":2}}},"fnMap":{"0":{"name":"(anonymous_0)","decl":{"start":{"line":3,"column":19},"end":{"line":3,"column":20}},"loc":{"start":{"line":3,"column":39},"end":{"line":12,"column":1}},"line":3},"1":{"name":"(anonymous_1)","decl":{"start":{"line":14,"column":20},"end":{"line":14,"column":21}},"loc":{"start":{"line":14,"column":40},"end":{"line":34,"column":1}},"line":14},"2":{"name":"(anonymous_2)","decl":{"start":{"line":36,"column":20},"end":{"line":36,"column":21}},"loc":{"start":{"line":36,"column":40},"end":{"line":68,"column":1}},"line":36},"3":{"name":"(anonymous_3)","decl":{"start":{"line":70,"column":19},"end":{"line":70,"column":20}},"loc":{"start":{"line":70,"column":39},"end":{"line":86,"column":1}},"line":70},"4":{"name":"(anonymous_4)","decl":{"start":{"line":88,"column":19},"end":{"line":88,"column":20}},"loc":{"start":{"line":88,"column":39},"end":{"line":104,"column":1}},"line":88}},"branchMap":{"0":{"loc":{"start":{"line":59,"column":8},"end":{"line":61,"column":9}},"type":"if","locations":[{"start":{"line":59,"column":8},"end":{"line":61,"column":9}},{"start":{"line":59,"column":8},"end":{"line":61,"column":9}}],"line":59},"1":{"loc":{"start":{"line":77,"column":8},"end":{"line":79,"column":9}},"type":"if","locations":[{"start":{"line":77,"column":8},"end":{"line":79,"column":9}},{"start":{"line":77,"column":8},"end":{"line":79,"column":9}}],"line":77},"2":{"loc":{"start":{"line":95,"column":8},"end":{"line":97,"column":9}},"type":"if","locations":[{"start":{"line":95,"column":8},"end":{"line":97,"column":9}},{"start":{"line":95,"column":8},"end":{"line":97,"column":9}}],"line":95},"3":{"loc":{"start":{"line":101,"column":21},"end":{"line":101,"column":65}},"type":"cond-expr","locations":[{"start":{"line":101,"column":56},"end":{"line":101,"column":59}},{"start":{"line":101,"column":62},"end":{"line":101,"column":65}}],"line":101}},"s":{"0":1,"1":1,"2":3,"3":3,"4":2,"5":1,"6":1,"7":2,"8":2,"9":2,"10":0,"11":1,"12":4,"13":4,"14":4,"15":4,"16":2,"17":2,"18":0,"19":1,"20":3,"21":3,"22":3,"23":2,"24":1,"25":1,"26":1,"27":2,"28":1,"29":2,"30":2,"31":2,"32":2,"33":1,"34":1,"35":1,"36":1,"37":1},"f":{"0":3,"1":2,"2":4,"3":3,"4":2},"b":{"0":[2,2],"1":[1,1],"2":[1,1],"3":[1,0]},"_coverageSchema":"43e27e138ebf9cfc5966b082cf9a028302ed4184","hash":"b668d13430f01d039d4601ec98cefd092dd26e53"}
,"C:\\Users\\jperi\\Developer\\Ramenpay\\ramenpay-api\\database\\config\\config.js": {"path":"C:\\Users\\jperi\\Developer\\Ramenpay\\ramenpay-api\\database\\config\\config.js","statementMap":{"0":{"start":{"line":1,"column":0},"end":{"line":1,"column":27}},"1":{"start":{"line":4,"column":0},"end":{"line":4,"column":64}},"2":{"start":{"line":6,"column":0},"end":{"line":19,"column":2}}},"fnMap":{},"branchMap":{},"s":{"0":1,"1":1,"2":1},"f":{},"b":{},"_coverageSchema":"43e27e138ebf9cfc5966b082cf9a028302ed4184","hash":"2a9550f9634d2c26053d45f9e5a280b6c0d54d1f"}
,"C:\\Users\\jperi\\Developer\\Ramenpay\\ramenpay-api\\database\\models\\comment.js": {"path":"C:\\Users\\jperi\\Developer\\Ramenpay\\ramenpay-api\\database\\models\\comment.js","statementMap":{"0":{"start":{"line":2,"column":0},"end":{"line":20,"column":2}},"1":{"start":{"line":3,"column":18},"end":{"line":7,"column":8}},"2":{"start":{"line":8,"column":2},"end":{"line":18,"column":4}},"3":{"start":{"line":9,"column":4},"end":{"line":12,"column":7}},"4":{"start":{"line":14,"column":4},"end":{"line":17,"column":7}},"5":{"start":{"line":19,"column":2},"end":{"line":19,"column":17}}},"fnMap":{"0":{"name":"(anonymous_0)","decl":{"start":{"line":2,"column":17},"end":{"line":2,"column":18}},"loc":{"start":{"line":2,"column":43},"end":{"line":20,"column":1}},"line":2},"1":{"name":"(anonymous_1)","decl":{"start":{"line":8,"column":22},"end":{"line":8,"column":23}},"loc":{"start":{"line":8,"column":39},"end":{"line":18,"column":3}},"line":8}},"branchMap":{},"s":{"0":1,"1":1,"2":1,"3":1,"4":1,"5":1},"f":{"0":1,"1":1},"b":{},"_coverageSchema":"43e27e138ebf9cfc5966b082cf9a028302ed4184","hash":"16ae21a058a1c79a6001ded8eb81f2e59e4b81a6"}
,"C:\\Users\\jperi\\Developer\\Ramenpay\\ramenpay-api\\database\\models\\index.js": {"path":"C:\\Users\\jperi\\Developer\\Ramenpay\\ramenpay-api\\database\\models\\index.js","statementMap":{"0":{"start":{"line":3,"column":11},"end":{"line":3,"column":24}},"1":{"start":{"line":4,"column":13},"end":{"line":4,"column":28}},"2":{"start":{"line":5,"column":18},"end":{"line":5,"column":38}},"3":{"start":{"line":6,"column":17},"end":{"line":6,"column":42}},"4":{"start":{"line":7,"column":12},"end":{"line":7,"column":49}},"5":{"start":{"line":8,"column":15},"end":{"line":8,"column":63}},"6":{"start":{"line":9,"column":11},"end":{"line":9,"column":13}},"7":{"start":{"line":11,"column":0},"end":{"line":11,"column":30}},"8":{"start":{"line":14,"column":0},"end":{"line":18,"column":1}},"9":{"start":{"line":15,"column":2},"end":{"line":15,"column":48}},"10":{"start":{"line":17,"column":2},"end":{"line":17,"column":87}},"11":{"start":{"line":20,"column":0},"end":{"line":28,"column":5}},"12":{"start":{"line":23,"column":4},"end":{"line":23,"column":90}},"13":{"start":{"line":26,"column":18},"end":{"line":26,"column":65}},"14":{"start":{"line":27,"column":4},"end":{"line":27,"column":27}},"15":{"start":{"line":30,"column":0},"end":{"line":34,"column":3}},"16":{"start":{"line":31,"column":2},"end":{"line":33,"column":3}},"17":{"start":{"line":32,"column":4},"end":{"line":32,"column":32}},"18":{"start":{"line":36,"column":0},"end":{"line":36,"column":25}},"19":{"start":{"line":37,"column":0},"end":{"line":37,"column":25}},"20":{"start":{"line":39,"column":0},"end":{"line":39,"column":20}}},"fnMap":{"0":{"name":"(anonymous_0)","decl":{"start":{"line":22,"column":10},"end":{"line":22,"column":11}},"loc":{"start":{"line":22,"column":18},"end":{"line":24,"column":3}},"line":22},"1":{"name":"(anonymous_1)","decl":{"start":{"line":25,"column":11},"end":{"line":25,"column":12}},"loc":{"start":{"line":25,"column":19},"end":{"line":28,"column":3}},"line":25},"2":{"name":"(anonymous_2)","decl":{"start":{"line":30,"column":24},"end":{"line":30,"column":25}},"loc":{"start":{"line":30,"column":37},"end":{"line":34,"column":1}},"line":30}},"branchMap":{"0":{"loc":{"start":{"line":7,"column":12},"end":{"line":7,"column":49}},"type":"binary-expr","locations":[{"start":{"line":7,"column":12},"end":{"line":7,"column":32}},{"start":{"line":7,"column":36},"end":{"line":7,"column":49}}],"line":7},"1":{"loc":{"start":{"line":14,"column":0},"end":{"line":18,"column":1}},"type":"if","locations":[{"start":{"line":14,"column":0},"end":{"line":18,"column":1}},{"start":{"line":14,"column":0},"end":{"line":18,"column":1}}],"line":14},"2":{"loc":{"start":{"line":23,"column":11},"end":{"line":23,"column":89}},"type":"binary-expr","locations":[{"start":{"line":23,"column":12},"end":{"line":23,"column":35}},{"start":{"line":23,"column":41},"end":{"line":23,"column":58}},{"start":{"line":23,"column":64},"end":{"line":23,"column":88}}],"line":23},"3":{"loc":{"start":{"line":31,"column":2},"end":{"line":33,"column":3}},"type":"if","locations":[{"start":{"line":31,"column":2},"end":{"line":33,"column":3}},{"start":{"line":31,"column":2},"end":{"line":33,"column":3}}],"line":31}},"s":{"0":1,"1":1,"2":1,"3":1,"4":1,"5":1,"6":1,"7":1,"8":1,"9":1,"10":0,"11":1,"12":4,"13":3,"14":3,"15":1,"16":3,"17":3,"18":1,"19":1,"20":1},"f":{"0":4,"1":3,"2":3},"b":{"0":[1,0],"1":[1,0],"2":[4,4,3],"3":[3,0]},"_coverageSchema":"43e27e138ebf9cfc5966b082cf9a028302ed4184","hash":"712aff85acc6e648b673ca6b080edadd3d522982"}
,"C:\\Users\\jperi\\Developer\\Ramenpay\\ramenpay-api\\database\\models\\post.js": {"path":"C:\\Users\\jperi\\Developer\\Ramenpay\\ramenpay-api\\database\\models\\post.js","statementMap":{"0":{"start":{"line":2,"column":0},"end":{"line":22,"column":2}},"1":{"start":{"line":3,"column":15},"end":{"line":7,"column":8}},"2":{"start":{"line":8,"column":2},"end":{"line":20,"column":4}},"3":{"start":{"line":9,"column":4},"end":{"line":13,"column":7}},"4":{"start":{"line":15,"column":4},"end":{"line":19,"column":7}},"5":{"start":{"line":21,"column":2},"end":{"line":21,"column":14}}},"fnMap":{"0":{"name":"(anonymous_0)","decl":{"start":{"line":2,"column":17},"end":{"line":2,"column":18}},"loc":{"start":{"line":2,"column":43},"end":{"line":22,"column":1}},"line":2},"1":{"name":"(anonymous_1)","decl":{"start":{"line":8,"column":19},"end":{"line":8,"column":20}},"loc":{"start":{"line":8,"column":36},"end":{"line":20,"column":3}},"line":8}},"branchMap":{},"s":{"0":1,"1":1,"2":1,"3":1,"4":1,"5":1},"f":{"0":1,"1":1},"b":{},"_coverageSchema":"43e27e138ebf9cfc5966b082cf9a028302ed4184","hash":"2573b3b16c4f1a472ea3a4ceb92e8513d09e2e47"}
,"C:\\Users\\jperi\\Developer\\Ramenpay\\ramenpay-api\\database\\models\\user.js": {"path":"C:\\Users\\jperi\\Developer\\Ramenpay\\ramenpay-api\\database\\models\\user.js","statementMap":{"0":{"start":{"line":2,"column":0},"end":{"line":21,"column":2}},"1":{"start":{"line":3,"column":15},"end":{"line":6,"column":8}},"2":{"start":{"line":7,"column":2},"end":{"line":19,"column":4}},"3":{"start":{"line":8,"column":4},"end":{"line":12,"column":7}},"4":{"start":{"line":14,"column":4},"end":{"line":18,"column":7}},"5":{"start":{"line":20,"column":2},"end":{"line":20,"column":14}}},"fnMap":{"0":{"name":"(anonymous_0)","decl":{"start":{"line":2,"column":17},"end":{"line":2,"column":18}},"loc":{"start":{"line":2,"column":43},"end":{"line":21,"column":1}},"line":2},"1":{"name":"(anonymous_1)","decl":{"start":{"line":7,"column":19},"end":{"line":7,"column":20}},"loc":{"start":{"line":7,"column":36},"end":{"line":19,"column":3}},"line":7}},"branchMap":{},"s":{"0":1,"1":1,"2":1,"3":1,"4":1,"5":1},"f":{"0":1,"1":1},"b":{},"_coverageSchema":"43e27e138ebf9cfc5966b082cf9a028302ed4184","hash":"3449889f52b1a93e5e09f6391878490dc3b0a55f"}
,"C:\\Users\\jperi\\Developer\\Ramenpay\\ramenpay-api\\routes\\index.js": {"path":"C:\\Users\\jperi\\Developer\\Ramenpay\\ramenpay-api\\routes\\index.js","statementMap":{"0":{"start":{"line":1,"column":19},"end":{"line":1,"column":37}},"1":{"start":{"line":2,"column":20},"end":{"line":2,"column":45}},"2":{"start":{"line":4,"column":15},"end":{"line":4,"column":23}},"3":{"start":{"line":6,"column":0},"end":{"line":8,"column":3}},"4":{"start":{"line":7,"column":4},"end":{"line":7,"column":24}},"5":{"start":{"line":10,"column":0},"end":{"line":10,"column":46}},"6":{"start":{"line":11,"column":0},"end":{"line":11,"column":46}},"7":{"start":{"line":12,"column":0},"end":{"line":12,"column":54}},"8":{"start":{"line":13,"column":0},"end":{"line":13,"column":53}},"9":{"start":{"line":14,"column":0},"end":{"line":14,"column":56}},"10":{"start":{"line":16,"column":0},"end":{"line":16,"column":24}}},"fnMap":{"0":{"name":"(anonymous_0)","decl":{"start":{"line":6,"column":16},"end":{"line":6,"column":17}},"loc":{"start":{"line":6,"column":30},"end":{"line":8,"column":1}},"line":6}},"branchMap":{},"s":{"0":1,"1":1,"2":1,"3":1,"4":1,"5":1,"6":1,"7":1,"8":1,"9":1,"10":1},"f":{"0":1},"b":{},"_coverageSchema":"43e27e138ebf9cfc5966b082cf9a028302ed4184","hash":"5333449879ad96674c2b82cd96d31cc932dfdf5c"}
,"C:\\Users\\jperi\\Developer\\Ramenpay\\ramenpay-api\\server\\index.js": {"path":"C:\\Users\\jperi\\Developer\\Ramenpay\\ramenpay-api\\server\\index.js","statementMap":{"0":{"start":{"line":1,"column":16},"end":{"line":1,"column":34}},"1":{"start":{"line":2,"column":15},"end":{"line":2,"column":35}},"2":{"start":{"line":4,"column":0},"end":{"line":4,"column":27}},"3":{"start":{"line":6,"column":15},"end":{"line":6,"column":24}},"4":{"start":{"line":7,"column":0},"end":{"line":7,"column":27}},"5":{"start":{"line":8,"column":0},"end":{"line":8,"column":27}},"6":{"start":{"line":11,"column":0},"end":{"line":11,"column":24}}},"fnMap":{},"branchMap":{},"s":{"0":1,"1":1,"2":1,"3":1,"4":1,"5":1,"6":1},"f":{},"b":{},"_coverageSchema":"43e27e138ebf9cfc5966b082cf9a028302ed4184","hash":"fedb74d63d5e912be50895429a14eae9bf0f1d52"}
}
