TN:
SF:C:\Users\jperi\Developer\Ramenpay\ramenpay-api\controllers\index.js
FN:3,(anonymous_0)
FN:14,(anonymous_1)
FN:36,(anonymous_2)
FN:70,(anonymous_3)
FN:88,(anonymous_4)
FNF:5
FNH:5
FNDA:3,(anonymous_0)
FNDA:2,(anonymous_1)
FNDA:4,(anonymous_2)
FNDA:3,(anonymous_3)
FNDA:2,(anonymous_4)
DA:1,1
DA:3,1
DA:4,3
DA:5,3
DA:6,2
DA:10,1
DA:14,1
DA:15,2
DA:16,2
DA:29,2
DA:32,0
DA:36,1
DA:37,4
DA:38,4
DA:39,4
DA:59,4
DA:60,2
DA:63,2
DA:66,0
DA:70,1
DA:71,3
DA:72,3
DA:73,3
DA:77,2
DA:78,1
DA:81,1
DA:82,1
DA:84,2
DA:88,1
DA:89,2
DA:90,2
DA:91,2
DA:95,2
DA:96,1
DA:99,1
DA:101,1
DA:102,1
DA:106,1
LF:38
LH:36
BRDA:59,0,0,2
BRDA:59,0,1,2
BRDA:77,1,0,1
BRDA:77,1,1,1
BRDA:95,2,0,1
BRDA:95,2,1,1
BRDA:101,3,0,1
BRDA:101,3,1,0
BRF:8
BRH:7
end_of_record
TN:
SF:C:\Users\jperi\Developer\Ramenpay\ramenpay-api\database\config\config.js
FNF:0
FNH:0
DA:1,1
DA:4,1
DA:6,1
LF:3
LH:3
BRF:0
BRH:0
end_of_record
TN:
SF:C:\Users\jperi\Developer\Ramenpay\ramenpay-api\database\models\comment.js
FN:2,(anonymous_0)
FN:8,(anonymous_1)
FNF:2
FNH:2
FNDA:1,(anonymous_0)
FNDA:1,(anonymous_1)
DA:2,1
DA:3,1
DA:8,1
DA:9,1
DA:14,1
DA:19,1
LF:6
LH:6
BRF:0
BRH:0
end_of_record
TN:
SF:C:\Users\jperi\Developer\Ramenpay\ramenpay-api\database\models\index.js
FN:22,(anonymous_0)
FN:25,(anonymous_1)
FN:30,(anonymous_2)
FNF:3
FNH:3
FNDA:4,(anonymous_0)
FNDA:3,(anonymous_1)
FNDA:3,(anonymous_2)
DA:3,1
DA:4,1
DA:5,1
DA:6,1
DA:7,1
DA:8,1
DA:9,1
DA:11,1
DA:14,1
DA:15,1
DA:17,0
DA:20,1
DA:23,4
DA:26,3
DA:27,3
DA:30,1
DA:31,3
DA:32,3
DA:36,1
DA:37,1
DA:39,1
LF:21
LH:20
BRDA:7,0,0,1
BRDA:7,0,1,0
BRDA:14,1,0,1
BRDA:14,1,1,0
BRDA:23,2,0,4
BRDA:23,2,1,4
BRDA:23,2,2,3
BRDA:31,3,0,3
BRDA:31,3,1,0
BRF:9
BRH:6
end_of_record
TN:
SF:C:\Users\jperi\Developer\Ramenpay\ramenpay-api\database\models\post.js
FN:2,(anonymous_0)
FN:8,(anonymous_1)
FNF:2
FNH:2
FNDA:1,(anonymous_0)
FNDA:1,(anonymous_1)
DA:2,1
DA:3,1
DA:8,1
DA:9,1
DA:15,1
DA:21,1
LF:6
LH:6
BRF:0
BRH:0
end_of_record
TN:
SF:C:\Users\jperi\Developer\Ramenpay\ramenpay-api\database\models\user.js
FN:2,(anonymous_0)
FN:7,(anonymous_1)
FNF:2
FNH:2
FNDA:1,(anonymous_0)
FNDA:1,(anonymous_1)
DA:2,1
DA:3,1
DA:7,1
DA:8,1
DA:14,1
DA:20,1
LF:6
LH:6
BRF:0
BRH:0
end_of_record
TN:
SF:C:\Users\jperi\Developer\Ramenpay\ramenpay-api\routes\index.js
FN:6,(anonymous_0)
FNF:1
FNH:1
FNDA:1,(anonymous_0)
DA:1,1
DA:2,1
DA:4,1
DA:6,1
DA:7,1
DA:10,1
DA:11,1
DA:12,1
DA:13,1
DA:14,1
DA:16,1
LF:11
LH:11
BRF:0
BRH:0
end_of_record
TN:
SF:C:\Users\jperi\Developer\Ramenpay\ramenpay-api\server\index.js
FNF:0
FNH:0
DA:1,1
DA:2,1
DA:4,1
DA:6,1
DA:7,1
DA:8,1
DA:11,1
LF:7
LH:7
BRF:0
BRH:0
end_of_record
